Reached update_pinyin_field().
0
<aqt.editor.Editor object at 0x000002842AE7C7F0>
test1
Reached update_pinyin_field().
1
<aqt.editor.Editor object at 0x000002842AE7C7F0>
test1
Reached update_pinyin_field().
0
<aqt.editor.Editor object at 0x000002281C7B7A00>
test1
Reached update_pinyin_field().
1
<aqt.editor.Editor object at 0x000002281C7B7A00>
test1
Reached update_pinyin_field().
2
<aqt.editor.Editor object at 0x000002281C7B7A00>
test1
Reached update_pinyin_field().
<anki.notes.Note object at 0x000001D170BF4C40>
True
True
0
<aqt.editor.Editor object at 0x000001D1658F9160>
test1
test2
0
test3
test
blah
你好
你好
test4 wowza so close
Reached update_pinyin_field().
<anki.notes.Note object at 0x000001D170BF4C40>
True
True
1
<aqt.editor.Editor object at 0x000001D1658F9160>
test1
Reached update_pinyin_field().
<anki.notes.Note object at 0x000001D170BF4C40>
True
True
1
<aqt.editor.Editor object at 0x000001D1658F9160>
test1
Reached update_pinyin_field().
<anki.notes.Note object at 0x000001D170C01040>
True
True
0
<aqt.editor.Editor object at 0x000001D1658F9160>
test1
test2
Reached update_pinyin_field().
<anki.notes.Note object at 0x000001D835B22EB0>
True
True
0
<aqt.editor.Editor object at 0x000001D835D47610>
test1
test2
0
test3
test
blah
你好
你好
test4 wowza so close
Reached update_pinyin_field().
<anki.notes.Note object at 0x000001D835B22EB0>
True
True
1
<aqt.editor.Editor object at 0x000001D835D47610>
test1
Reached update_pinyin_field().
<anki.notes.Note object at 0x000001D835B22EB0>
True
True
1
<aqt.editor.Editor object at 0x000001D835D47610>
test1
Reached update_pinyin_field().
<anki.notes.Note object at 0x000001D835B2F2B0>
True
True
0
<aqt.editor.Editor object at 0x000001D835D47610>
test1
test2
Reached update_pinyin_field().
<anki.notes.Note object at 0x00000232342E7BE0>
True
True
0
<aqt.editor.Editor object at 0x00000232271180D0>
test1
test2
0
test3
test
blah
你好
你好
test4 wowza so close
Reached update_pinyin_field().
<anki.notes.Note object at 0x00000232342E7BE0>
True
True
1
<aqt.editor.Editor object at 0x00000232271180D0>
test1
Reached update_pinyin_field().
<anki.notes.Note object at 0x00000232342E7BE0>
True
True
1
<aqt.editor.Editor object at 0x00000232271180D0>
test1
Reached update_pinyin_field().
<anki.notes.Note object at 0x00000232342E7BE0>
True
True
2
<aqt.editor.Editor object at 0x00000232271180D0>
test1
Reached update_pinyin_field().
<anki.notes.Note object at 0x00000232342E74C0>
True
True
0
<aqt.editor.Editor object at 0x00000232220BD3A0>
test1
test2
0
test3
test
blah
爱人
爱人
test4 wowza so close
Reached update_pinyin_field().
<anki.notes.Note object at 0x00000232342E74C0>
True
True
1
<aqt.editor.Editor object at 0x00000232220BD3A0>
test1
Reached update_pinyin_field().
<anki.notes.Note object at 0x00000232342E74C0>
True
True
1
<aqt.editor.Editor object at 0x00000232220BD3A0>
test1
Reached update_pinyin_field().
<anki.notes.Note object at 0x00000232342DC730>
True
True
0
<aqt.editor.Editor object at 0x00000232342DC9D0>
test1
test2
0
test3
test
blah
您
您
test4 wowza so close
Reached update_pinyin_field().
<anki.notes.Note object at 0x00000232342DC730>
True
True
1
<aqt.editor.Editor object at 0x00000232342DC9D0>
test1
Reached update_pinyin_field().
<anki.notes.Note object at 0x00000232342DC730>
True
True
1
<aqt.editor.Editor object at 0x00000232342DC9D0>
test1
Reached update_pinyin_field().
<anki.notes.Note object at 0x0000018054D28A60>
True
True
0
<aqt.editor.Editor object at 0x00000180526BEC70>
test1
test2
0
test3
test
blah
爱人
爱人
test4 wowza so close
Reached update_pinyin_field().
<anki.notes.Note object at 0x0000018054D28A60>
True
True
1
<aqt.editor.Editor object at 0x00000180526BEC70>
test1
Reached update_pinyin_field().
<anki.notes.Note object at 0x0000018054D28A60>
True
True
1
<aqt.editor.Editor object at 0x00000180526BEC70>
test1
Reached update_pinyin_field().
<anki.notes.Note object at 0x0000018054D28A60>
True
True
1
<aqt.editor.Editor object at 0x00000180526BEC70>
test1
Reached update_pinyin_field().
<anki.notes.Note object at 0x0000018054D28A60>
True
True
2
<aqt.editor.Editor object at 0x00000180526BEC70>
test1
Reached update_pinyin_field().
<anki.notes.Note object at 0x0000018054D28A60>
True
True
2
<aqt.editor.Editor object at 0x00000180526BEC70>
test1
Reached update_pinyin_field().
<anki.notes.Note object at 0x000002C4C8542D60>
True
True
0
<aqt.editor.Editor object at 0x000002C4BDF6F100>
test1
test2
0
test3
test
blah
爱人
爱人
test4 wowza so close
Reached update_pinyin_field().
<anki.notes.Note object at 0x000002C4C8542D60>
True
True
1
<aqt.editor.Editor object at 0x000002C4BDF6F100>
test1
Reached update_pinyin_field().
<anki.notes.Note object at 0x000002C4C8542D60>
True
True
1
<aqt.editor.Editor object at 0x000002C4BDF6F100>
test1
Reached update_pinyin_field().
<anki.notes.Note object at 0x000002C4C8542D60>
True
True
2
<aqt.editor.Editor object at 0x000002C4BDF6F100>
test1
Reached update_pinyin_field().
<anki.notes.Note object at 0x000002C4C8542D60>
True
True
3
<aqt.editor.Editor object at 0x000002C4BDF6F100>
test1
Reached update_pinyin_field().
<anki.notes.Note object at 0x000002C4C8542D60>
True
True
4
<aqt.editor.Editor object at 0x000002C4BDF6F100>
test1
